#
# There is insufficient memory for the Java Runtime Environment to continue.
# Native memory allocation (malloc) failed to allocate 1048576 bytes for AllocateHeap
# Possible reasons:
#   The system is out of physical RAM or swap space
#   In 32 bit mode, the process size limit was hit
# Possible solutions:
#   Reduce memory load on the system
#   Increase physical memory or swap space
#   Check if swap backing store is full
#   Use 64 bit Java on a 64 bit OS
#   Decrease Java heap size (-Xmx/-Xms)
#   Decrease number of Java threads
#   Decrease Java thread stack sizes (-Xss)
#   Set larger code cache with -XX:ReservedCodeCacheSize=
# This output file may be truncated or incomplete.
#
#  Out of Memory Error (memory/allocation.inline.hpp:61), pid=6588, tid=17920
#
# JRE version:  (8.0_74-b02) (build )
# Java VM: Java HotSpot(TM) 64-Bit Server VM (25.74-b02 mixed mode windows-amd64 compressed oops)
# Failed to write core dump. Minidumps are not enabled by default on client versions of Windows
#

---------------  T H R E A D  ---------------

Current thread (0x0000000002220800):  JavaThread "Unknown thread" [_thread_in_vm, id=17920, stack(0x0000000002120000,0x0000000002220000)]

Stack: [0x0000000002120000,0x0000000002220000]
[error occurred during error reporting (printing stack bounds), id 0xc0000005]

Native frames: (J=compiled Java code, j=interpreted, Vv=VM code, C=native code)


---------------  P R O C E S S  ---------------

Java Threads: ( => current thread )

Other Threads:

=>0x0000000002220800 (exited) JavaThread "Unknown thread" [_thread_in_vm, id=17920, stack(0x0000000002120000,0x0000000002220000)]

VM state:not at safepoint (normal execution)

VM Mutex/Monitor currently owned by a thread: None

Heap:
 PSYoungGen      total 114688K, used 1966K [0x0000000740700000, 0x0000000748700000, 0x00000007c0000000)
  eden space 98304K, 2% used [0x0000000740700000,0x00000007408eb860,0x0000000746700000)
  from space 16384K, 0% used [0x0000000747700000,0x0000000747700000,0x0000000748700000)
  to   space 16384K, 0% used [0x0000000746700000,0x0000000746700000,0x0000000747700000)
 ParOldGen       total 262144K, used 0K [0x0000000641400000, 0x0000000651400000, 0x0000000740700000)
  object space 262144K, 0% used [0x0000000641400000,0x0000000641400000,0x0000000651400000)
 Metaspace       used 746K, capacity 4480K, committed 4480K, reserved 1056768K
  class space    used 75K, capacity 384K, committed 384K, reserved 1048576K

Card table byte_map: [0x00000000116e0000,0x00000000122e0000] byte_map_base: 0x000000000e4d6000

Marking Bits: (ParMarkBitMap*) 0x000000006ee30600
 Begin Bits: [0x00000000132e0000, 0x0000000019290000)
 End Bits:   [0x0000000019290000, 0x000000001f240000)

Polling page: 0x0000000000920000

CodeCache: size=245760Kb used=328Kb max_used=328Kb free=245431Kb
 bounds [0x0000000002320000, 0x0000000002590000, 0x0000000011320000]
 total_blobs=58 nmethods=0 adapters=38
 compilation: enabled

Compilation events (0 events):
No events

GC Heap History (0 events):
No events

Deoptimization events (0 events):
No events

Internal exceptions (0 events):
No events

Events (10 events):
Event: 0.044 loading class java/lang/Short
Event: 0.044 loading class java/lang/Short done
Event: 0.044 loading class java/lang/Integer
Event: 0.044 loading class java/lang/Integer done
Event: 0.044 loading class java/lang/Long
Event: 0.044 loading class java/lang/Long done
Event: 0.045 loading class java/lang/NullPointerException
Event: 0.045 loading class java/lang/NullPointerException done
Event: 0.045 loading class java/lang/ArithmeticException
Event: 0.045 loading class java/lang/ArithmeticException done


Dynamic libraries:
0x00007ff70c4d0000 - 0x00007ff70c507000 	C:\Program Files\Java\jre1.8.0_74\bin\javaw.exe
0x00007ffd8c620000 - 0x00007ffd8c7f1000 	C:\WINDOWS\SYSTEM32\ntdll.dll
0x00007ffd8b950000 - 0x00007ffd8b9fb000 	C:\WINDOWS\System32\KERNEL32.DLL
0x00007ffd88da0000 - 0x00007ffd88fbd000 	C:\WINDOWS\System32\KERNELBASE.dll
0x00007ffd8ba70000 - 0x00007ffd8bb12000 	C:\WINDOWS\System32\ADVAPI32.dll
0x00007ffd89bb0000 - 0x00007ffd89c4e000 	C:\WINDOWS\System32\msvcrt.dll
0x00007ffd8c520000 - 0x00007ffd8c579000 	C:\WINDOWS\System32\sechost.dll
0x00007ffd8bb20000 - 0x00007ffd8bc41000 	C:\WINDOWS\System32\RPCRT4.dll
0x00007ffd8c240000 - 0x00007ffd8c3a5000 	C:\WINDOWS\System32\USER32.dll
0x00007ffd89230000 - 0x00007ffd8924e000 	C:\WINDOWS\System32\win32u.dll
0x00007ffd8b410000 - 0x00007ffd8b444000 	C:\WINDOWS\System32\GDI32.dll
0x00007ffd88bb0000 - 0x00007ffd88d32000 	C:\WINDOWS\System32\gdi32full.dll
0x00007ffd7fc30000 - 0x00007ffd7fea9000 	C:\WINDOWS\WinSxS\amd64_microsoft.windows.common-controls_6595b64144ccf1df_6.0.14393.447_none_42191651c6827bb3\COMCTL32.dll
0x00007ffd8bda0000 - 0x00007ffd8c068000 	C:\WINDOWS\System32\combase.dll
0x00007ffd89070000 - 0x00007ffd89165000 	C:\WINDOWS\System32\ucrtbase.dll
0x00007ffd89170000 - 0x00007ffd891da000 	C:\WINDOWS\System32\bcryptPrimitives.dll
0x00007ffd8c210000 - 0x00007ffd8c23e000 	C:\WINDOWS\System32\IMM32.DLL
0x000000006f7a0000 - 0x000000006f872000 	C:\Program Files\Java\jre1.8.0_74\bin\msvcr100.dll
0x000000006e620000 - 0x000000006eeb0000 	C:\Program Files\Java\jre1.8.0_74\bin\server\jvm.dll
0x00007ffd89db0000 - 0x00007ffd89db8000 	C:\WINDOWS\System32\PSAPI.DLL
0x00007ffd86920000 - 0x00007ffd86929000 	C:\WINDOWS\SYSTEM32\WSOCK32.dll
0x00007ffd81720000 - 0x00007ffd8172a000 	C:\WINDOWS\SYSTEM32\VERSION.dll
0x00007ffd867b0000 - 0x00007ffd867d3000 	C:\WINDOWS\SYSTEM32\WINMM.dll
0x00007ffd8ba00000 - 0x00007ffd8ba6a000 	C:\WINDOWS\System32\WS2_32.dll
0x00007ffd86780000 - 0x00007ffd867ab000 	C:\WINDOWS\SYSTEM32\WINMMBASE.dll
0x00007ffd891e0000 - 0x00007ffd89222000 	C:\WINDOWS\System32\cfgmgr32.dll
0x000000006fd00000 - 0x000000006fd0f000 	C:\Program Files\Java\jre1.8.0_74\bin\verify.dll
0x000000006fcd0000 - 0x000000006fcf9000 	C:\Program Files\Java\jre1.8.0_74\bin\java.dll
0x000000006fcb0000 - 0x000000006fcc6000 	C:\Program Files\Java\jre1.8.0_74\bin\zip.dll

VM Arguments:
jvm_args: -Dfile.encoding=Cp1252 
java_command: edu.kettering.cs102.programs.Prog1
java_class_path (initial): D:\Documents\eclipse\workspace\CS-102\bin
Launcher Type: SUN_STANDARD

Environment Variables:
PATH=C:/Program Files/Java/jre1.8.0_74/bin/server;C:/Program Files/Java/jre1.8.0_74/bin;C:/Program Files/Java/jre1.8.0_74/lib/amd64;C:\Program Files (x86)\Razer Chroma SDK\bin;C:\Program Files\Razer Chroma SDK\bin;C:\ProgramData\Oracle\Java\javapath;C:\Program Files (x86)\Intel\iCLS Client\;C:\Program Files\Intel\iCLS Client\;C:\Windows\system32;C:\Windows;C:\Windows\System32\Wbem;C:\Windows\System32\WindowsPowerShell\v1.0\;C:\Program Files (x86)\Windows Live\Shared;C:\Program Files\Intel\Intel(R) Management Engine Components\DAL;C:\Program Files\Intel\Intel(R) Management Engine Components\IPT;C:\Program Files (x86)\Intel\Intel(R) Management Engine Components\DAL;C:\Program Files (x86)\Intel\Intel(R) Management Engine Components\IPT;C:\Program Files (x86)\NVIDIA Corporation\PhysX\Common;C:\Program Files (x86)\Microchip\xc32\v1.40\bin;C:\Program Files (x86)\Skype\Phone\;C:\Program Files (x86)\GtkSharp\2.12\bin;C:\WINDOWS\system32;C:\WINDOWS;C:\WINDOWS\System32\Wbem;C:\WINDOWS\System32\WindowsPowerShell\v1.0\;C:\Program Files\altera\modelsim_ase\win32aloem;C:\Users\James Jr\AppData\Local\Microsoft\WindowsApps;;C:\Program Files\eclipse;
USERNAME=James Jr
OS=Windows_NT
PROCESSOR_IDENTIFIER=Intel64 Family 6 Model 60 Stepping 3, GenuineIntel



---------------  S Y S T E M  ---------------

OS: Windows 10.0 , 64 bit Build 14393 (10.0.14393.0)

CPU:total 8 (4 cores per cpu, 2 threads per core) family 6 model 60 stepping 3, cmov, cx8, fxsr, mmx, sse, sse2, sse3, ssse3, sse4.1, sse4.2, popcnt, avx, avx2, aes, clmul, erms, lzcnt, ht, tsc, tscinvbit, bmi1, bmi2

Memory: 4k page, physical 25082560k(304304k free), swap 47415268k(4488k free)

vm_info: Java HotSpot(TM) 64-Bit Server VM (25.74-b02) for windows-amd64 JRE (1.8.0_74-b02), built on Jan 29 2016 17:42:36 by "java_re" with MS VC++ 10.0 (VS2010)

time: Mon Jan 16 13:02:19 2017
elapsed time: 0 seconds (0d 0h 0m 0s)

